# JRE version: OpenJDK Runtime Environment Temurin-17+35 (17.0+35) (build 17+35)
# Java VM: OpenJDK 64-Bit Server VM Temurin-17+35 (17+35, mixed mode, sharing, tiered, compressed oops, compressed class ptrs, g1 gc, windows-amd64)
GC Precious Log:
 CPUs: 4 total, 4 available
 Memory: 8123M
 Large Page Support: Disabled
 NUMA Support: Disabled
 Compressed Oops: Enabled (32-bit)
 Heap Region Size: 1M
 Heap Min Capacity: 8M
 Heap Initial Capacity: 128M
 Heap Max Capacity: 2032M
 Pre-touch: Disabled
 Parallel Workers: 4
 Concurrent Workers: 1
 Concurrent Refinement Workers: 4
 Periodic GC: Disabled
Heap:
 garbage-first heap   total 78848K, used 53397K [0x0000000081000000, 0x0000000100000000)
  region size 1024K, 27 young (27648K), 1 survivors (1024K)
 Metaspace       used 66781K, committed 67264K, reserved 1114112K
  class space    used 8372K, committed 8640K, reserved 1048576K
GC Heap History (20 events):
Event: 3212.745 GC heap before
{Heap before GC invocations=34 (full 0):
 garbage-first heap   total 65536K, used 54786K [0x0000000081000000, 0x0000000100000000)
  region size 1024K, 27 young (27648K), 1 survivors (1024K)
 Metaspace       used 66779K, committed 67264K, reserved 1114112K
  class space    used 8371K, committed 8640K, reserved 1048576K
}
Event: 3212.748 GC heap after
{Heap after GC invocations=35 (full 0):
 garbage-first heap   total 65536K, used 28192K [0x0000000081000000, 0x0000000100000000)
  region size 1024K, 1 young (1024K), 1 survivors (1024K)
 Metaspace       used 66779K, committed 67264K, reserved 1114112K
  class space    used 8371K, committed 8640K, reserved 1048576K
}
Event: 3214.161 GC heap before
{Heap before GC invocations=36 (full 0):
 garbage-first heap   total 65536K, used 55840K [0x0000000081000000, 0x0000000100000000)
  region size 1024K, 28 young (28672K), 1 survivors (1024K)
 Metaspace       used 66779K, committed 67264K, reserved 1114112K
  class space    used 8372K, committed 8640K, reserved 1048576K
}
Event: 3214.163 GC heap after
{Heap after GC invocations=37 (full 0):
 garbage-first heap   total 65536K, used 28178K [0x0000000081000000, 0x0000000100000000)
  region size 1024K, 1 young (1024K), 1 survivors (1024K)
 Metaspace       used 66779K, committed 67264K, reserved 1114112K
  class space    used 8372K, committed 8640K, reserved 1048576K
}
Event: 3214.301 GC heap before
{Heap before GC invocations=37 (full 0):
 garbage-first heap   total 65536K, used 30226K [0x0000000081000000, 0x0000000100000000)
  region size 1024K, 3 young (3072K), 1 survivors (1024K)
 Metaspace       used 66779K, committed 67264K, reserved 1114112K
  class space    used 8372K, committed 8640K, reserved 1048576K
}
Event: 3214.303 GC heap after
{Heap after GC invocations=38 (full 0):
 garbage-first heap   total 65536K, used 27981K [0x0000000081000000, 0x0000000100000000)
  region size 1024K, 1 young (1024K), 1 survivors (1024K)
 Metaspace       used 66779K, committed 67264K, reserved 1114112K
  class space    used 8372K, committed 8640K, reserved 1048576K
}
Event: 3215.979 GC heap before
{Heap before GC invocations=38 (full 0):
 garbage-first heap   total 65536K, used 56653K [0x0000000081000000, 0x0000000100000000)
  region size 1024K, 29 young (29696K), 1 survivors (1024K)
 Metaspace       used 66779K, committed 67264K, reserved 1114112K
  class space    used 8372K, committed 8640K, reserved 1048576K
}
Event: 3215.981 GC heap after
{Heap after GC invocations=39 (full 0):
 garbage-first heap   total 78848K, used 27995K [0x0000000081000000, 0x0000000100000000)
  region size 1024K, 1 young (1024K), 1 survivors (1024K)
 Metaspace       used 66779K, committed 67264K, reserved 1114112K
  class space    used 8372K, committed 8640K, reserved 1048576K
}
Event: 3219.191 GC heap before
{Heap before GC invocations=39 (full 0):
 garbage-first heap   total 78848K, used 68955K [0x0000000081000000, 0x0000000100000000)
  region size 1024K, 41 young (41984K), 1 survivors (1024K)
 Metaspace       used 66779K, committed 67264K, reserved 1114112K
  class space    used 8372K, committed 8640K, reserved 1048576K
}
Event: 3219.193 GC heap after
{Heap after GC invocations=40 (full 0):
 garbage-first heap   total 78848K, used 28006K [0x0000000081000000, 0x0000000100000000)
  region size 1024K, 1 young (1024K), 1 survivors (1024K)
 Metaspace       used 66779K, committed 67264K, reserved 1114112K
  class space    used 8372K, committed 8640K, reserved 1048576K
}
Event: 3220.727 GC heap before
{Heap before GC invocations=40 (full 0):
 garbage-first heap   total 78848K, used 68966K [0x0000000081000000, 0x0000000100000000)
  region size 1024K, 41 young (41984K), 1 survivors (1024K)
 Metaspace       used 66779K, committed 67264K, reserved 1114112K
  class space    used 8372K, committed 8640K, reserved 1048576K
}
Event: 3220.729 GC heap after
{Heap after GC invocations=41 (full 0):
 garbage-first heap   total 78848K, used 28007K [0x0000000081000000, 0x0000000100000000)
  region size 1024K, 1 young (1024K), 1 survivors (1024K)
 Metaspace       used 66779K, committed 67264K, reserved 1114112K
  class space    used 8372K, committed 8640K, reserved 1048576K
}
Event: 3222.281 GC heap before
{Heap before GC invocations=42 (full 0):
 garbage-first heap   total 78848K, used 67943K [0x0000000081000000, 0x0000000100000000)
  region size 1024K, 40 young (40960K), 1 survivors (1024K)
 Metaspace       used 66779K, committed 67264K, reserved 1114112K
  class space    used 8372K, committed 8640K, reserved 1048576K
}
Event: 3222.283 GC heap after
{Heap after GC invocations=43 (full 0):
 garbage-first heap   total 78848K, used 27999K [0x0000000081000000, 0x0000000100000000)
  region size 1024K, 1 young (1024K), 1 survivors (1024K)
 Metaspace       used 66779K, committed 67264K, reserved 1114112K
  class space    used 8372K, committed 8640K, reserved 1048576K
}
Event: 3222.426 GC heap before
{Heap before GC invocations=43 (full 0):
 garbage-first heap   total 78848K, used 30047K [0x0000000081000000, 0x0000000100000000)
  region size 1024K, 3 young (3072K), 1 survivors (1024K)
 Metaspace       used 66779K, committed 67264K, reserved 1114112K
  class space    used 8372K, committed 8640K, reserved 1048576K
}
Event: 3222.428 GC heap after
{Heap after GC invocations=44 (full 0):
 garbage-first heap   total 78848K, used 27788K [0x0000000081000000, 0x0000000100000000)
  region size 1024K, 1 young (1024K), 1 survivors (1024K)
 Metaspace       used 66779K, committed 67264K, reserved 1114112K
  class space    used 8372K, committed 8640K, reserved 1048576K
}
Event: 3224.672 GC heap before
{Heap before GC invocations=44 (full 0):
 garbage-first heap   total 78848K, used 68748K [0x0000000081000000, 0x0000000100000000)
  region size 1024K, 41 young (41984K), 1 survivors (1024K)
 Metaspace       used 66779K, committed 67264K, reserved 1114112K
  class space    used 8372K, committed 8640K, reserved 1048576K
}
Event: 3224.674 GC heap after
{Heap after GC invocations=45 (full 0):
 garbage-first heap   total 78848K, used 27778K [0x0000000081000000, 0x0000000100000000)
  region size 1024K, 1 young (1024K), 1 survivors (1024K)
 Metaspace       used 66779K, committed 67264K, reserved 1114112K
  class space    used 8372K, committed 8640K, reserved 1048576K
}
Event: 3226.552 GC heap before
{Heap before GC invocations=45 (full 0):
 garbage-first heap   total 78848K, used 68738K [0x0000000081000000, 0x0000000100000000)
  region size 1024K, 41 young (41984K), 1 survivors (1024K)
 Metaspace       used 66781K, committed 67264K, reserved 1114112K
  class space    used 8372K, committed 8640K, reserved 1048576K
}
Event: 3226.553 GC heap after
{Heap after GC invocations=46 (full 0):
 garbage-first heap   total 78848K, used 27797K [0x0000000081000000, 0x0000000100000000)
  region size 1024K, 1 young (1024K), 1 survivors (1024K)
 Metaspace       used 66781K, committed 67264K, reserved 1114112K
  class space    used 8372K, committed 8640K, reserved 1048576K
}

